Arguments: 
  /usr/bin/node /usr/bin/yarn build

PATH: 
  /home/christophe/.cargo/bin:/home/christophe/.local/bin:/usr/local/bin:/usr/local/sbin:/usr/bin:/usr/lib/jvm/default/bin:/usr/bin/site_perl:/usr/bin/vendor_perl:/usr/bin/core_perl:/var/lib/snapd/snap/bin

Yarn version: 
  1.19.1

Node version: 
  12.13.0

Platform: 
  linux x64

Trace: 
  SyntaxError: /home/christophe/Projects/javascript/boilerplate/package.json: Unexpected token } in JSON at position 367
      at JSON.parse (<anonymous>)
      at /usr/lib/node_modules/yarn/lib/cli.js:1625:59
      at Generator.next (<anonymous>)
      at step (/usr/lib/node_modules/yarn/lib/cli.js:304:30)
      at /usr/lib/node_modules/yarn/lib/cli.js:315:13

npm manifest: 
  {
    "name": "boilerplate",
    "version": "1.0.0",
    "description": "",
    "main": "input.js",
    "scripts": {
      "test": "echo \"Error: no test specified\" && exit 1",
      "build": "babel src/index.js -o public/scripts/bundle.js --presets env"
    },
    "author": "",
    "license": "ISC",
    "dependencies": {},
    "devDependencies": {
      "@babel/preset-env": "^7.7.4"
    },
  }

yarn manifest: 
  No manifest

Lockfile: 
  # THIS IS AN AUTOGENERATED FILE. DO NOT EDIT THIS FILE DIRECTLY.
  # yarn lockfile v1
